<?xml version="1.0" encoding="UTF-8"?>
<testng-results ignored="0" total="1" passed="1" failed="0" skipped="0">
  <reporter-output>
  </reporter-output>
  <suite started-at="2022-04-30T11:11:35 EDT" name="Suite" finished-at="2022-04-30T11:12:00 EDT" duration-ms="25200">
    <groups>
    </groups>
    <test started-at="2022-04-30T11:11:35 EDT" name="Test" finished-at="2022-04-30T11:12:00 EDT" duration-ms="25200">
      <class name="seleniumDemo.LaunchChrome">
        <test-method signature="launchChrome()[pri:0, instance:seleniumDemo.LaunchChrome@2ddc8ecb]" started-at="2022-04-30T11:11:35 EDT" name="launchChrome" finished-at="2022-04-30T11:12:00 EDT" duration-ms="25109" status="PASS">
          <reporter-output>
          </reporter-output>
        </test-method> <!-- launchChrome -->
      </class> <!-- seleniumDemo.LaunchChrome -->
    </test> <!-- Test -->
  </suite> <!-- Suite -->
</testng-results>
